<?xml version="1.0" encoding="UTF-8"?>
<testsuite name="HandTest" tests="1" skipped="0" failures="0" errors="0" timestamp="2023-02-09T11:42:16" hostname="STA7400208" time="0.015">
  <properties/>
  <testcase name="compareTo()" classname="HandTest" time="0.015"/>
  <system-out><![CDATA[]]></system-out>
  <system-err><![CDATA[]]></system-err>
</testsuite>
